[14:41:52] [main/INFO]: Loaded 0 recipes
[14:41:52] [Server thread/INFO]: Starting minecraft server version 1.13.2
[14:41:52] [Server thread/INFO]: Loading properties
[14:41:52] [Server thread/INFO]: Default game type: SURVIVAL
[14:41:52] [Server thread/INFO]: This server is running CraftBukkit version git-Spigot-518206a-a5b9c7b (MC: 1.13.2) (Implementing API version 1.13.2-R0.1-SNAPSHOT)
[14:41:52] [Server thread/INFO]: Debug logging is disabled
[14:41:52] [Server thread/INFO]: Server Ping Player Sample Count: 12
[14:41:52] [Server thread/INFO]: Using 4 threads for Netty based IO
[14:41:52] [Server thread/INFO]: Generating keypair
[14:41:53] [Server thread/INFO]: Starting Minecraft server on *:25565
[14:41:53] [Server thread/INFO]: Using default channel type
[14:42:00] [Server thread/INFO]: [Essentials] Loading Essentials v2.15.0.1
[14:42:00] [Server thread/INFO]: [Factions] Loading Factions v1.6.9.5-U0.2.1-RC-1.6.1-RC
[14:42:00] [Server thread/INFO]: **** Beginning UUID conversion, this may take A LONG time ****
[14:42:00] [Server thread/INFO]: Preparing level "world"
[14:42:00] [Server thread/INFO]: Reloading ResourceManager: Default, bukkit
[14:42:02] [Server thread/INFO]: Loaded 524 recipes
[14:42:03] [Server thread/INFO]: -------- World Settings For [world] --------
[14:42:03] [Server thread/INFO]: Allow Zombie Pigmen to spawn from portal blocks: true
[14:42:03] [Server thread/INFO]: Arrow Despawn Rate: 1200
[14:42:03] [Server thread/INFO]: View Distance: 10
[14:42:03] [Server thread/INFO]: Item Merge Radius: 2.5
[14:42:03] [Server thread/INFO]: Item Despawn Rate: 6000
[14:42:03] [Server thread/INFO]: Zombie Aggressive Towards Villager: true
[14:42:03] [Server thread/INFO]: Nerfing mobs spawned from spawners: false
[14:42:03] [Server thread/INFO]: Mob Spawn Range: 6
[14:42:03] [Server thread/INFO]: Cactus Growth Modifier: 100%
[14:42:03] [Server thread/INFO]: Cane Growth Modifier: 100%
[14:42:03] [Server thread/INFO]: Melon Growth Modifier: 100%
[14:42:03] [Server thread/INFO]: Mushroom Growth Modifier: 100%
[14:42:03] [Server thread/INFO]: Pumpkin Growth Modifier: 100%
[14:42:03] [Server thread/INFO]: Sapling Growth Modifier: 100%
[14:42:03] [Server thread/INFO]: Beetroot Growth Modifier: 100%
[14:42:03] [Server thread/INFO]: Carrot Growth Modifier: 100%
[14:42:03] [Server thread/INFO]: Potato Growth Modifier: 100%
[14:42:03] [Server thread/INFO]: Wheat Growth Modifier: 100%
[14:42:03] [Server thread/INFO]: NetherWart Growth Modifier: 100%
[14:42:03] [Server thread/INFO]: Vine Growth Modifier: 100%
[14:42:03] [Server thread/INFO]: Cocoa Growth Modifier: 100%
[14:42:03] [Server thread/INFO]: Entity Activation Range: An 32 / Mo 32 / Mi 16 / Tiv true
[14:42:03] [Server thread/INFO]: Entity Tracking Range: Pl 48 / An 48 / Mo 48 / Mi 32 / Other 64
[14:42:03] [Server thread/INFO]: Hopper Transfer: 8 Hopper Check: 1 Hopper Amount: 1
[14:42:03] [Server thread/INFO]: Random Lighting Updates: false
[14:42:03] [Server thread/INFO]: Custom Map Seeds:  Village: 10387312 Desert: 14357617 Igloo: 14357618 Jungle: 14357619 Swamp: 14357620 Monument: 10387313Ocean: 14357621 Shipwreck: 165745295 Slime: 987234911
[14:42:03] [Server thread/INFO]: Max TNT Explosions: 100
[14:42:03] [Server thread/INFO]: Tile Max Tick Time: 50ms Entity max Tick Time: 50ms
[14:42:03] [Server thread/INFO]: Experience Merge Radius: 3.0
[14:42:04] [Server thread/INFO]: -------- World Settings For [world_nether] --------
[14:42:04] [Server thread/INFO]: Allow Zombie Pigmen to spawn from portal blocks: true
[14:42:04] [Server thread/INFO]: Arrow Despawn Rate: 1200
[14:42:04] [Server thread/INFO]: View Distance: 10
[14:42:04] [Server thread/INFO]: Item Merge Radius: 2.5
[14:42:04] [Server thread/INFO]: Item Despawn Rate: 6000
[14:42:04] [Server thread/INFO]: Zombie Aggressive Towards Villager: true
[14:42:04] [Server thread/INFO]: Nerfing mobs spawned from spawners: false
[14:42:04] [Server thread/INFO]: Mob Spawn Range: 6
[14:42:04] [Server thread/INFO]: Cactus Growth Modifier: 100%
[14:42:04] [Server thread/INFO]: Cane Growth Modifier: 100%
[14:42:04] [Server thread/INFO]: Melon Growth Modifier: 100%
[14:42:04] [Server thread/INFO]: Mushroom Growth Modifier: 100%
[14:42:04] [Server thread/INFO]: Pumpkin Growth Modifier: 100%
[14:42:04] [Server thread/INFO]: Sapling Growth Modifier: 100%
[14:42:04] [Server thread/INFO]: Beetroot Growth Modifier: 100%
[14:42:04] [Server thread/INFO]: Carrot Growth Modifier: 100%
[14:42:04] [Server thread/INFO]: Potato Growth Modifier: 100%
[14:42:04] [Server thread/INFO]: Wheat Growth Modifier: 100%
[14:42:04] [Server thread/INFO]: NetherWart Growth Modifier: 100%
[14:42:04] [Server thread/INFO]: Vine Growth Modifier: 100%
[14:42:04] [Server thread/INFO]: Cocoa Growth Modifier: 100%
[14:42:04] [Server thread/INFO]: Entity Activation Range: An 32 / Mo 32 / Mi 16 / Tiv true
[14:42:04] [Server thread/INFO]: Entity Tracking Range: Pl 48 / An 48 / Mo 48 / Mi 32 / Other 64
[14:42:04] [Server thread/INFO]: Hopper Transfer: 8 Hopper Check: 1 Hopper Amount: 1
[14:42:04] [Server thread/INFO]: Random Lighting Updates: false
[14:42:04] [Server thread/INFO]: Custom Map Seeds:  Village: 10387312 Desert: 14357617 Igloo: 14357618 Jungle: 14357619 Swamp: 14357620 Monument: 10387313Ocean: 14357621 Shipwreck: 165745295 Slime: 987234911
[14:42:04] [Server thread/INFO]: Max TNT Explosions: 100
[14:42:04] [Server thread/INFO]: Tile Max Tick Time: 50ms Entity max Tick Time: 50ms
[14:42:04] [Server thread/INFO]: Experience Merge Radius: 3.0
[14:42:04] [Server thread/INFO]: -------- World Settings For [world_the_end] --------
[14:42:04] [Server thread/INFO]: Allow Zombie Pigmen to spawn from portal blocks: true
[14:42:04] [Server thread/INFO]: Arrow Despawn Rate: 1200
[14:42:04] [Server thread/INFO]: View Distance: 10
[14:42:04] [Server thread/INFO]: Item Merge Radius: 2.5
[14:42:04] [Server thread/INFO]: Item Despawn Rate: 6000
[14:42:04] [Server thread/INFO]: Zombie Aggressive Towards Villager: true
[14:42:04] [Server thread/INFO]: Nerfing mobs spawned from spawners: false
[14:42:04] [Server thread/INFO]: Mob Spawn Range: 6
[14:42:04] [Server thread/INFO]: Cactus Growth Modifier: 100%
[14:42:04] [Server thread/INFO]: Cane Growth Modifier: 100%
[14:42:04] [Server thread/INFO]: Melon Growth Modifier: 100%
[14:42:04] [Server thread/INFO]: Mushroom Growth Modifier: 100%
[14:42:04] [Server thread/INFO]: Pumpkin Growth Modifier: 100%
[14:42:04] [Server thread/INFO]: Sapling Growth Modifier: 100%
[14:42:04] [Server thread/INFO]: Beetroot Growth Modifier: 100%
[14:42:04] [Server thread/INFO]: Carrot Growth Modifier: 100%
[14:42:04] [Server thread/INFO]: Potato Growth Modifier: 100%
[14:42:04] [Server thread/INFO]: Wheat Growth Modifier: 100%
[14:42:04] [Server thread/INFO]: NetherWart Growth Modifier: 100%
[14:42:04] [Server thread/INFO]: Vine Growth Modifier: 100%
[14:42:04] [Server thread/INFO]: Cocoa Growth Modifier: 100%
[14:42:04] [Server thread/INFO]: Entity Activation Range: An 32 / Mo 32 / Mi 16 / Tiv true
[14:42:04] [Server thread/INFO]: Entity Tracking Range: Pl 48 / An 48 / Mo 48 / Mi 32 / Other 64
[14:42:04] [Server thread/INFO]: Hopper Transfer: 8 Hopper Check: 1 Hopper Amount: 1
[14:42:04] [Server thread/INFO]: Random Lighting Updates: false
[14:42:04] [Server thread/INFO]: Custom Map Seeds:  Village: 10387312 Desert: 14357617 Igloo: 14357618 Jungle: 14357619 Swamp: 14357620 Monument: 10387313Ocean: 14357621 Shipwreck: 165745295 Slime: 987234911
[14:42:04] [Server thread/INFO]: Max TNT Explosions: 100
[14:42:04] [Server thread/INFO]: Tile Max Tick Time: 50ms Entity max Tick Time: 50ms
[14:42:04] [Server thread/INFO]: Experience Merge Radius: 3.0
[14:42:04] [Server thread/INFO]: Preparing start region for level minecraft:the_nether (Seed: 926817059155890624)
[14:42:04] [Server thread/INFO]: Preparing spawn area: 4%
[14:42:04] [Server thread/INFO]: Preparing spawn area: 8%
[14:42:04] [Server thread/INFO]: Preparing spawn area: 12%
[14:42:04] [Server thread/INFO]: Preparing spawn area: 16%
[14:42:05] [Server thread/INFO]: Preparing spawn area: 20%
[14:42:05] [Server thread/INFO]: Preparing spawn area: 24%
[14:42:05] [Server thread/INFO]: Preparing spawn area: 28%
[14:42:05] [Server thread/INFO]: Preparing spawn area: 32%
[14:42:05] [Server thread/INFO]: Preparing spawn area: 36%
[14:42:05] [Server thread/INFO]: Preparing spawn area: 40%
[14:42:05] [Server thread/INFO]: Preparing spawn area: 44%
[14:42:05] [Server thread/INFO]: Preparing spawn area: 48%
[14:42:05] [Server thread/INFO]: Preparing spawn area: 52%
[14:42:05] [Server thread/INFO]: Preparing spawn area: 56%
[14:42:05] [Server thread/INFO]: Preparing spawn area: 60%
[14:42:06] [Server thread/INFO]: Preparing spawn area: 64%
[14:42:06] [Server thread/INFO]: Preparing spawn area: 68%
[14:42:06] [Server thread/INFO]: Preparing spawn area: 72%
[14:42:06] [Server thread/INFO]: Preparing spawn area: 76%
[14:42:06] [Server thread/INFO]: Preparing spawn area: 80%
[14:42:06] [Server thread/INFO]: Preparing spawn area: 84%
[14:42:06] [Server thread/INFO]: Preparing spawn area: 88%
[14:42:06] [Server thread/INFO]: Preparing spawn area: 92%
[14:42:06] [Server thread/INFO]: Preparing spawn area: 96%
[14:42:06] [Server thread/INFO]: Preparing spawn area: 100%
[14:42:06] [Server thread/INFO]: Preparing start region for level minecraft:overworld (Seed: 926817059155890624)
[14:42:07] [Server thread/INFO]: Preparing spawn area: 4%
[14:42:07] [Server thread/INFO]: Preparing spawn area: 8%
[14:42:07] [Server thread/INFO]: Preparing spawn area: 12%
[14:42:07] [Server thread/INFO]: Preparing spawn area: 16%
[14:42:07] [Server thread/INFO]: Preparing spawn area: 20%
[14:42:07] [Server thread/INFO]: Preparing spawn area: 24%
[14:42:07] [Server thread/INFO]: Preparing spawn area: 28%
[14:42:07] [Server thread/INFO]: Preparing spawn area: 32%
[14:42:08] [Server thread/INFO]: Preparing spawn area: 36%
[14:42:08] [Server thread/INFO]: Preparing spawn area: 40%
[14:42:08] [Server thread/INFO]: Preparing spawn area: 44%
[14:42:08] [Server thread/INFO]: Preparing spawn area: 48%
[14:42:08] [Server thread/INFO]: Preparing spawn area: 52%
[14:42:08] [Server thread/INFO]: Preparing spawn area: 56%
[14:42:08] [Server thread/INFO]: Preparing spawn area: 60%
[14:42:08] [Server thread/INFO]: Preparing spawn area: 64%
[14:42:08] [Server thread/INFO]: Preparing spawn area: 68%
[14:42:08] [Server thread/INFO]: Preparing spawn area: 72%
[14:42:08] [Server thread/INFO]: Preparing spawn area: 76%
[14:42:08] [Server thread/INFO]: Preparing spawn area: 80%
[14:42:08] [Server thread/INFO]: Preparing spawn area: 84%
[14:42:08] [Server thread/INFO]: Preparing spawn area: 88%
[14:42:09] [Server thread/INFO]: Preparing spawn area: 92%
[14:42:09] [Server thread/INFO]: Preparing spawn area: 96%
[14:42:09] [Server thread/INFO]: Preparing spawn area: 100%
[14:42:09] [Server thread/INFO]: Preparing start region for level minecraft:the_end (Seed: 926817059155890624)
[14:42:09] [Server thread/INFO]: Preparing spawn area: 4%
[14:42:09] [Server thread/INFO]: Preparing spawn area: 8%
[14:42:09] [Server thread/INFO]: Preparing spawn area: 12%
[14:42:09] [Server thread/INFO]: Preparing spawn area: 16%
[14:42:09] [Server thread/INFO]: Preparing spawn area: 20%
[14:42:09] [Server thread/INFO]: Preparing spawn area: 24%
[14:42:09] [Server thread/INFO]: Preparing spawn area: 28%
[14:42:09] [Server thread/INFO]: Preparing spawn area: 32%
[14:42:09] [Server thread/INFO]: Preparing spawn area: 36%
[14:42:09] [Server thread/INFO]: Preparing spawn area: 40%
[14:42:09] [Server thread/INFO]: Preparing spawn area: 44%
[14:42:09] [Server thread/INFO]: Preparing spawn area: 48%
[14:42:09] [Server thread/INFO]: Preparing spawn area: 52%
[14:42:09] [Server thread/INFO]: Preparing spawn area: 56%
[14:42:09] [Server thread/INFO]: Preparing spawn area: 60%
[14:42:09] [Server thread/INFO]: Preparing spawn area: 64%
[14:42:09] [Server thread/INFO]: Preparing spawn area: 68%
[14:42:09] [Server thread/INFO]: Preparing spawn area: 72%
[14:42:09] [Server thread/INFO]: Preparing spawn area: 76%
[14:42:09] [Server thread/INFO]: Preparing spawn area: 80%
[14:42:09] [Server thread/INFO]: Preparing spawn area: 84%
[14:42:09] [Server thread/INFO]: Preparing spawn area: 88%
[14:42:09] [Server thread/INFO]: Preparing spawn area: 92%
[14:42:09] [Server thread/INFO]: Preparing spawn area: 96%
[14:42:09] [Server thread/INFO]: Preparing spawn area: 100%
[14:42:09] [Server thread/INFO]: Time elapsed: 5434 ms
[14:42:09] [Server thread/INFO]: [Essentials] Enabling Essentials v2.15.0.1
[14:42:09] [Server thread/INFO]: Attempting to convert old kits in config.yml to new kits.yml
[14:42:09] [Server thread/INFO]: No kits found to migrate.
[14:42:10] [Server thread/INFO]: [Essentials] Starting Essentials ban format conversion
[14:42:10] [Server thread/INFO]: [Essentials] Found 1 files to convert...
[14:42:10] [Server thread/INFO]: [Essentials] Converted 0/1
[14:42:10] [Server thread/INFO]: [Essentials] Ban format update complete.
[14:42:10] [Server thread/INFO]: [Essentials] Starting usermap repair
[14:42:10] [Server thread/INFO]: [Essentials] Reading: 0,00%
[14:42:10] [Server thread/INFO]: [Essentials] Completed usermap repair.
[14:42:10] [Server thread/INFO]: [Essentials] Using 1.8.3+ BlockStateMeta provider as mob spawner provider.
[14:42:10] [Server thread/INFO]: [Essentials] Using legacy item data provider as spawn egg provider.
[14:42:10] [Server thread/INFO]: [Essentials] Using 1.9+ BasePotionData provider as potion meta provider.
[14:42:10] [Server thread/INFO]: Using locale pt_BR
[14:42:10] [Server thread/INFO]: [Essentials] Using Spigot 1.7.10+ ServerListPingEvent iterator
[14:42:10] [Server thread/INFO]: [Essentials] Starting Metrics. Opt-out using the global bStats config.
[14:42:10] [Server thread/INFO]: [Essentials] Using superperms-based permissions.
[14:42:10] [Server thread/INFO]: [Factions] Enabling Factions v1.6.9.5-U0.2.1-RC-1.6.1-RC
[14:42:10] [Server thread/INFO]: [Factions] [Factions v1.6.9.5-U0.2.1-RC-1.6.1-RC] ==== Setup ====
[14:42:10] [Server thread/INFO]: [Factions] [Factions v1.6.9.5-U0.2.1-RC-1.6.1-RC] Vault is not present, the plugin will not run properly.
[14:42:10] [Server thread/INFO]: [Factions] Disabling Factions v1.6.9.5-U0.2.1-RC-1.6.1-RC
[14:42:10] [Server thread/INFO]: [Factions] [Factions v1.6.9.5-U0.2.1-RC-1.6.1-RC] Disabled
[14:42:10] [Server thread/INFO]: Server permissions file permissions.yml is empty, ignoring it
[14:42:11] [Server thread/INFO]: Done (11.204s)! For help, type "help"
[14:42:43] [User Authenticator #1/INFO]: UUID of player SrRovaris is 37c668de-4247-4a6f-9d83-0472cfc9ce5a
[14:42:45] [Server thread/INFO]: SrRovaris[/127.0.0.1:55353] logged in with entity id 291 at ([world]181.67349481019727, 68.0, -6.637032130528823)
[14:42:55] [Server thread/INFO]: SrRovaris issued server command: /factions
[14:42:55] [Server thread/ERROR]: null
org.bukkit.command.CommandException: Cannot execute command 'factions' in plugin Factions v1.6.9.5-U0.2.1-RC-1.6.1-RC - plugin is disabled.
	at org.bukkit.command.PluginCommand.execute(PluginCommand.java:36) ~[spigot.jar:git-Spigot-518206a-a5b9c7b]
	at org.bukkit.command.SimpleCommandMap.dispatch(SimpleCommandMap.java:139) ~[spigot.jar:git-Spigot-518206a-a5b9c7b]
	at org.bukkit.craftbukkit.v1_13_R2.CraftServer.dispatchCommand(CraftServer.java:702) ~[spigot.jar:git-Spigot-518206a-a5b9c7b]
	at net.minecraft.server.v1_13_R2.PlayerConnection.handleCommand(PlayerConnection.java:1641) ~[spigot.jar:git-Spigot-518206a-a5b9c7b]
	at net.minecraft.server.v1_13_R2.PlayerConnection.a(PlayerConnection.java:1476) ~[spigot.jar:git-Spigot-518206a-a5b9c7b]
	at net.minecraft.server.v1_13_R2.PacketPlayInChat.a(PacketPlayInChat.java:45) ~[spigot.jar:git-Spigot-518206a-a5b9c7b]
	at net.minecraft.server.v1_13_R2.PacketPlayInChat.a(PacketPlayInChat.java:1) ~[spigot.jar:git-Spigot-518206a-a5b9c7b]
	at net.minecraft.server.v1_13_R2.PlayerConnectionUtils.a(SourceFile:10) ~[spigot.jar:git-Spigot-518206a-a5b9c7b]
	at java.util.concurrent.Executors$RunnableAdapter.call(Executors.java:515) [?:?]
	at java.util.concurrent.FutureTask.run(FutureTask.java:264) [?:?]
	at net.minecraft.server.v1_13_R2.SystemUtils.a(SourceFile:199) [spigot.jar:git-Spigot-518206a-a5b9c7b]
	at net.minecraft.server.v1_13_R2.MinecraftServer.b(MinecraftServer.java:895) [spigot.jar:git-Spigot-518206a-a5b9c7b]
	at net.minecraft.server.v1_13_R2.DedicatedServer.b(DedicatedServer.java:417) [spigot.jar:git-Spigot-518206a-a5b9c7b]
	at net.minecraft.server.v1_13_R2.MinecraftServer.a(MinecraftServer.java:830) [spigot.jar:git-Spigot-518206a-a5b9c7b]
	at net.minecraft.server.v1_13_R2.MinecraftServer.run(MinecraftServer.java:728) [spigot.jar:git-Spigot-518206a-a5b9c7b]
	at java.lang.Thread.run(Thread.java:834) [?:?]
[15:31:12] [Server thread/INFO]: SrRovaris was slain by Zombie
[16:16:48] [Server thread/INFO]: SrRovaris lost connection: Disconnected
[16:16:48] [Server thread/INFO]: SrRovaris left the game
[16:16:56] [Thread-2/INFO]: Stopping server
